<?xml version="1.0" encoding="UTF-8"?>
<testsuite xmlns:xsi="http://www.w3.org/2001/XMLSchema-instance" xsi:noNamespaceSchemaLocation="https://maven.apache.org/surefire/maven-surefire-plugin/xsd/surefire-test-report-3.0.xsd" version="3.0" name="TestSuite" time="21.108" tests="4" errors="0" skipped="0" failures="0">
  <properties>
    <property name="java.specification.version" value="16"/>
    <property name="sun.cpu.isalist" value="amd64"/>
    <property name="sun.jnu.encoding" value="Cp1252"/>
    <property name="java.class.path" value="G:\Workspace\RestAssuredAutomation\target\test-classes;G:\Workspace\RestAssuredAutomation\target\classes;G:\Local repo\io\rest-assured\rest-assured\5.3.0\rest-assured-5.3.0.jar;G:\Local repo\org\apache\groovy\groovy\4.0.6\groovy-4.0.6.jar;G:\Local repo\org\apache\groovy\groovy-xml\4.0.6\groovy-xml-4.0.6.jar;G:\Local repo\org\apache\httpcomponents\httpclient\4.5.13\httpclient-4.5.13.jar;G:\Local repo\org\apache\httpcomponents\httpcore\4.4.13\httpcore-4.4.13.jar;G:\Local repo\commons-logging\commons-logging\1.2\commons-logging-1.2.jar;G:\Local repo\org\apache\httpcomponents\httpmime\4.5.13\httpmime-4.5.13.jar;G:\Local repo\org\hamcrest\hamcrest\2.1\hamcrest-2.1.jar;G:\Local repo\org\ccil\cowan\tagsoup\tagsoup\1.2.1\tagsoup-1.2.1.jar;G:\Local repo\io\rest-assured\json-path\5.3.0\json-path-5.3.0.jar;G:\Local repo\org\apache\groovy\groovy-json\4.0.6\groovy-json-4.0.6.jar;G:\Local repo\io\rest-assured\rest-assured-common\5.3.0\rest-assured-common-5.3.0.jar;G:\Local repo\io\rest-assured\xml-path\5.3.0\xml-path-5.3.0.jar;G:\Local repo\org\testng\testng\7.7.1\testng-7.7.1.jar;G:\Local repo\org\slf4j\slf4j-api\1.7.36\slf4j-api-1.7.36.jar;G:\Local repo\com\beust\jcommander\1.82\jcommander-1.82.jar;G:\Local repo\org\webjars\jquery\3.6.1\jquery-3.6.1.jar;G:\Local repo\com\googlecode\json-simple\json-simple\1.1.1\json-simple-1.1.1.jar;G:\Local repo\junit\junit\4.10\junit-4.10.jar;G:\Local repo\org\hamcrest\hamcrest-core\1.1\hamcrest-core-1.1.jar;G:\Local repo\org\apache\poi\poi\5.0.0\poi-5.0.0.jar;G:\Local repo\org\slf4j\jcl-over-slf4j\1.7.30\jcl-over-slf4j-1.7.30.jar;G:\Local repo\commons-codec\commons-codec\1.15\commons-codec-1.15.jar;G:\Local repo\org\apache\commons\commons-collections4\4.4\commons-collections4-4.4.jar;G:\Local repo\org\apache\commons\commons-math3\3.6.1\commons-math3-3.6.1.jar;G:\Local repo\com\zaxxer\SparseBitSet\1.2\SparseBitSet-1.2.jar;G:\Local repo\org\apache\poi\poi-ooxml\5.2.3\poi-ooxml-5.2.3.jar;G:\Local repo\org\apache\poi\poi-ooxml-lite\5.2.3\poi-ooxml-lite-5.2.3.jar;G:\Local repo\org\apache\xmlbeans\xmlbeans\5.1.1\xmlbeans-5.1.1.jar;G:\Local repo\org\apache\commons\commons-compress\1.21\commons-compress-1.21.jar;G:\Local repo\commons-io\commons-io\2.11.0\commons-io-2.11.0.jar;G:\Local repo\com\github\virtuald\curvesapi\1.07\curvesapi-1.07.jar;G:\Local repo\com\jayway\jsonpath\json-path\2.8.0\json-path-2.8.0.jar;G:\Local repo\net\minidev\json-smart\2.4.10\json-smart-2.4.10.jar;G:\Local repo\net\minidev\accessors-smart\2.4.9\accessors-smart-2.4.9.jar;G:\Local repo\org\ow2\asm\asm\9.3\asm-9.3.jar;G:\Local repo\com\google\code\gson\gson\2.10.1\gson-2.10.1.jar;G:\Local repo\com\github\scribejava\scribejava-apis\8.3.3\scribejava-apis-8.3.3.jar;G:\Local repo\com\github\scribejava\scribejava-core\8.3.3\scribejava-core-8.3.3.jar;G:\Local repo\com\github\scribejava\scribejava-java8\8.3.3\scribejava-java8-8.3.3.jar;G:\Local repo\com\fasterxml\jackson\core\jackson-databind\2.14.0\jackson-databind-2.14.0.jar;G:\Local repo\com\fasterxml\jackson\core\jackson-annotations\2.14.0\jackson-annotations-2.14.0.jar;G:\Local repo\com\fasterxml\jackson\core\jackson-core\2.14.0\jackson-core-2.14.0.jar;G:\Local repo\io\rest-assured\json-schema-validator\5.3.0\json-schema-validator-5.3.0.jar;G:\Local repo\com\github\java-json-tools\json-schema-validator\2.2.14\json-schema-validator-2.2.14.jar;G:\Local repo\com\google\guava\guava\28.2-android\guava-28.2-android.jar;G:\Local repo\com\google\guava\failureaccess\1.0.1\failureaccess-1.0.1.jar;G:\Local repo\com\google\guava\listenablefuture\9999.0-empty-to-avoid-conflict-with-guava\listenablefuture-9999.0-empty-to-avoid-conflict-with-guava.jar;G:\Local repo\org\checkerframework\checker-compat-qual\2.5.5\checker-compat-qual-2.5.5.jar;G:\Local repo\com\google\errorprone\error_prone_annotations\2.3.4\error_prone_annotations-2.3.4.jar;G:\Local repo\com\google\j2objc\j2objc-annotations\1.3\j2objc-annotations-1.3.jar;G:\Local repo\com\github\java-json-tools\jackson-coreutils-equivalence\1.0\jackson-coreutils-equivalence-1.0.jar;G:\Local repo\com\github\java-json-tools\jackson-coreutils\2.0\jackson-coreutils-2.0.jar;G:\Local repo\com\github\java-json-tools\msg-simple\1.2\msg-simple-1.2.jar;G:\Local repo\com\github\java-json-tools\btf\1.3\btf-1.3.jar;G:\Local repo\com\github\java-json-tools\json-schema-core\1.2.14\json-schema-core-1.2.14.jar;G:\Local repo\com\github\java-json-tools\uri-template\0.10\uri-template-0.10.jar;G:\Local repo\org\mozilla\rhino\1.7.7.2\rhino-1.7.7.2.jar;G:\Local repo\com\sun\mail\mailapi\1.6.2\mailapi-1.6.2.jar;G:\Local repo\joda-time\joda-time\2.10.5\joda-time-2.10.5.jar;G:\Local repo\com\googlecode\libphonenumber\libphonenumber\8.11.1\libphonenumber-8.11.1.jar;G:\Local repo\com\google\code\findbugs\jsr305\3.0.2\jsr305-3.0.2.jar;G:\Local repo\net\sf\jopt-simple\jopt-simple\5.0.4\jopt-simple-5.0.4.jar;G:\Local repo\org\apache\cxf\cxf-xerces-xsd-validation\2.7.18\cxf-xerces-xsd-validation-2.7.18.jar;G:\Local repo\org\apache\cxf\cxf-api\2.7.18\cxf-api-2.7.18.jar;G:\Local repo\org\codehaus\woodstox\woodstox-core-asl\4.4.1\woodstox-core-asl-4.4.1.jar;G:\Local repo\org\codehaus\woodstox\stax2-api\3.1.4\stax2-api-3.1.4.jar;G:\Local repo\org\apache\geronimo\specs\geronimo-javamail_1.4_spec\1.7.1\geronimo-javamail_1.4_spec-1.7.1.jar;G:\Local repo\wsdl4j\wsdl4j\1.6.3\wsdl4j-1.6.3.jar;G:\Local repo\org\apache\geronimo\specs\geronimo-annotation_1.0_spec\1.1.1\geronimo-annotation_1.0_spec-1.1.1.jar;G:\Local repo\org\apache\ws\xmlschema\xmlschema-core\2.1.0\xmlschema-core-2.1.0.jar;G:\Local repo\xerces\xercesImpl\2.11.0\xercesImpl-2.11.0.jar;G:\Local repo\xml-apis\xml-apis\1.4.01\xml-apis-1.4.01.jar;G:\Local repo\org\json\json\20230227\json-20230227.jar;G:\Local repo\com\github\javafaker\javafaker\1.0.2\javafaker-1.0.2.jar;G:\Local repo\org\apache\commons\commons-lang3\3.5\commons-lang3-3.5.jar;G:\Local repo\org\yaml\snakeyaml\1.23\snakeyaml-1.23-android.jar;G:\Local repo\com\github\mifmif\generex\1.0.2\generex-1.0.2.jar;G:\Local repo\dk\brics\automaton\automaton\1.11-8\automaton-1.11-8.jar;G:\Local repo\com\aventstack\extentreports\3.0.1\extentreports-3.0.1.jar;G:\Local repo\org\freemarker\freemarker\2.3.23\freemarker-2.3.23.jar;G:\Local repo\org\mongodb\mongodb-driver\3.3.0\mongodb-driver-3.3.0.jar;G:\Local repo\org\mongodb\bson\3.3.0\bson-3.3.0.jar;G:\Local repo\org\mongodb\mongodb-driver-core\3.3.0\mongodb-driver-core-3.3.0.jar;G:\Local repo\org\jsoup\jsoup\1.9.2\jsoup-1.9.2.jar;G:\Local repo\org\projectlombok\lombok\1.18.28\lombok-1.18.28.jar;G:\Local repo\org\apache\logging\log4j\log4j-api\2.20.0\log4j-api-2.20.0.jar;G:\Local repo\org\apache\logging\log4j\log4j-core\2.20.0\log4j-core-2.20.0.jar;"/>
    <property name="java.vm.vendor" value="Oracle Corporation"/>
    <property name="sun.arch.data.model" value="64"/>
    <property name="user.variant" value=""/>
    <property name="java.vendor.url" value="https://java.oracle.com/"/>
    <property name="user.timezone" value="Asia/Calcutta"/>
    <property name="os.name" value="Windows 10"/>
    <property name="java.vm.specification.version" value="16"/>
    <property name="sun.java.launcher" value="SUN_STANDARD"/>
    <property name="user.country" value="IN"/>
    <property name="sun.boot.library.path" value="C:\Program Files\Java\jdk-16\bin"/>
    <property name="sun.java.command" value="C:\Users\Hp\AppData\Local\Temp\surefire9517827311207128130\surefirebooter-20230616135757716_3.jar C:\Users\Hp\AppData\Local\Temp\surefire9517827311207128130 2023-06-16T13-57-56_110-jvmRun1 surefire-20230616135757716_1tmp surefire_0-20230616135757716_2tmp"/>
    <property name="jdk.debug" value="release"/>
    <property name="surefire.test.class.path" value="G:\Workspace\RestAssuredAutomation\target\test-classes;G:\Workspace\RestAssuredAutomation\target\classes;G:\Local repo\io\rest-assured\rest-assured\5.3.0\rest-assured-5.3.0.jar;G:\Local repo\org\apache\groovy\groovy\4.0.6\groovy-4.0.6.jar;G:\Local repo\org\apache\groovy\groovy-xml\4.0.6\groovy-xml-4.0.6.jar;G:\Local repo\org\apache\httpcomponents\httpclient\4.5.13\httpclient-4.5.13.jar;G:\Local repo\org\apache\httpcomponents\httpcore\4.4.13\httpcore-4.4.13.jar;G:\Local repo\commons-logging\commons-logging\1.2\commons-logging-1.2.jar;G:\Local repo\org\apache\httpcomponents\httpmime\4.5.13\httpmime-4.5.13.jar;G:\Local repo\org\hamcrest\hamcrest\2.1\hamcrest-2.1.jar;G:\Local repo\org\ccil\cowan\tagsoup\tagsoup\1.2.1\tagsoup-1.2.1.jar;G:\Local repo\io\rest-assured\json-path\5.3.0\json-path-5.3.0.jar;G:\Local repo\org\apache\groovy\groovy-json\4.0.6\groovy-json-4.0.6.jar;G:\Local repo\io\rest-assured\rest-assured-common\5.3.0\rest-assured-common-5.3.0.jar;G:\Local repo\io\rest-assured\xml-path\5.3.0\xml-path-5.3.0.jar;G:\Local repo\org\testng\testng\7.7.1\testng-7.7.1.jar;G:\Local repo\org\slf4j\slf4j-api\1.7.36\slf4j-api-1.7.36.jar;G:\Local repo\com\beust\jcommander\1.82\jcommander-1.82.jar;G:\Local repo\org\webjars\jquery\3.6.1\jquery-3.6.1.jar;G:\Local repo\com\googlecode\json-simple\json-simple\1.1.1\json-simple-1.1.1.jar;G:\Local repo\junit\junit\4.10\junit-4.10.jar;G:\Local repo\org\hamcrest\hamcrest-core\1.1\hamcrest-core-1.1.jar;G:\Local repo\org\apache\poi\poi\5.0.0\poi-5.0.0.jar;G:\Local repo\org\slf4j\jcl-over-slf4j\1.7.30\jcl-over-slf4j-1.7.30.jar;G:\Local repo\commons-codec\commons-codec\1.15\commons-codec-1.15.jar;G:\Local repo\org\apache\commons\commons-collections4\4.4\commons-collections4-4.4.jar;G:\Local repo\org\apache\commons\commons-math3\3.6.1\commons-math3-3.6.1.jar;G:\Local repo\com\zaxxer\SparseBitSet\1.2\SparseBitSet-1.2.jar;G:\Local repo\org\apache\poi\poi-ooxml\5.2.3\poi-ooxml-5.2.3.jar;G:\Local repo\org\apache\poi\poi-ooxml-lite\5.2.3\poi-ooxml-lite-5.2.3.jar;G:\Local repo\org\apache\xmlbeans\xmlbeans\5.1.1\xmlbeans-5.1.1.jar;G:\Local repo\org\apache\commons\commons-compress\1.21\commons-compress-1.21.jar;G:\Local repo\commons-io\commons-io\2.11.0\commons-io-2.11.0.jar;G:\Local repo\com\github\virtuald\curvesapi\1.07\curvesapi-1.07.jar;G:\Local repo\com\jayway\jsonpath\json-path\2.8.0\json-path-2.8.0.jar;G:\Local repo\net\minidev\json-smart\2.4.10\json-smart-2.4.10.jar;G:\Local repo\net\minidev\accessors-smart\2.4.9\accessors-smart-2.4.9.jar;G:\Local repo\org\ow2\asm\asm\9.3\asm-9.3.jar;G:\Local repo\com\google\code\gson\gson\2.10.1\gson-2.10.1.jar;G:\Local repo\com\github\scribejava\scribejava-apis\8.3.3\scribejava-apis-8.3.3.jar;G:\Local repo\com\github\scribejava\scribejava-core\8.3.3\scribejava-core-8.3.3.jar;G:\Local repo\com\github\scribejava\scribejava-java8\8.3.3\scribejava-java8-8.3.3.jar;G:\Local repo\com\fasterxml\jackson\core\jackson-databind\2.14.0\jackson-databind-2.14.0.jar;G:\Local repo\com\fasterxml\jackson\core\jackson-annotations\2.14.0\jackson-annotations-2.14.0.jar;G:\Local repo\com\fasterxml\jackson\core\jackson-core\2.14.0\jackson-core-2.14.0.jar;G:\Local repo\io\rest-assured\json-schema-validator\5.3.0\json-schema-validator-5.3.0.jar;G:\Local repo\com\github\java-json-tools\json-schema-validator\2.2.14\json-schema-validator-2.2.14.jar;G:\Local repo\com\google\guava\guava\28.2-android\guava-28.2-android.jar;G:\Local repo\com\google\guava\failureaccess\1.0.1\failureaccess-1.0.1.jar;G:\Local repo\com\google\guava\listenablefuture\9999.0-empty-to-avoid-conflict-with-guava\listenablefuture-9999.0-empty-to-avoid-conflict-with-guava.jar;G:\Local repo\org\checkerframework\checker-compat-qual\2.5.5\checker-compat-qual-2.5.5.jar;G:\Local repo\com\google\errorprone\error_prone_annotations\2.3.4\error_prone_annotations-2.3.4.jar;G:\Local repo\com\google\j2objc\j2objc-annotations\1.3\j2objc-annotations-1.3.jar;G:\Local repo\com\github\java-json-tools\jackson-coreutils-equivalence\1.0\jackson-coreutils-equivalence-1.0.jar;G:\Local repo\com\github\java-json-tools\jackson-coreutils\2.0\jackson-coreutils-2.0.jar;G:\Local repo\com\github\java-json-tools\msg-simple\1.2\msg-simple-1.2.jar;G:\Local repo\com\github\java-json-tools\btf\1.3\btf-1.3.jar;G:\Local repo\com\github\java-json-tools\json-schema-core\1.2.14\json-schema-core-1.2.14.jar;G:\Local repo\com\github\java-json-tools\uri-template\0.10\uri-template-0.10.jar;G:\Local repo\org\mozilla\rhino\1.7.7.2\rhino-1.7.7.2.jar;G:\Local repo\com\sun\mail\mailapi\1.6.2\mailapi-1.6.2.jar;G:\Local repo\joda-time\joda-time\2.10.5\joda-time-2.10.5.jar;G:\Local repo\com\googlecode\libphonenumber\libphonenumber\8.11.1\libphonenumber-8.11.1.jar;G:\Local repo\com\google\code\findbugs\jsr305\3.0.2\jsr305-3.0.2.jar;G:\Local repo\net\sf\jopt-simple\jopt-simple\5.0.4\jopt-simple-5.0.4.jar;G:\Local repo\org\apache\cxf\cxf-xerces-xsd-validation\2.7.18\cxf-xerces-xsd-validation-2.7.18.jar;G:\Local repo\org\apache\cxf\cxf-api\2.7.18\cxf-api-2.7.18.jar;G:\Local repo\org\codehaus\woodstox\woodstox-core-asl\4.4.1\woodstox-core-asl-4.4.1.jar;G:\Local repo\org\codehaus\woodstox\stax2-api\3.1.4\stax2-api-3.1.4.jar;G:\Local repo\org\apache\geronimo\specs\geronimo-javamail_1.4_spec\1.7.1\geronimo-javamail_1.4_spec-1.7.1.jar;G:\Local repo\wsdl4j\wsdl4j\1.6.3\wsdl4j-1.6.3.jar;G:\Local repo\org\apache\geronimo\specs\geronimo-annotation_1.0_spec\1.1.1\geronimo-annotation_1.0_spec-1.1.1.jar;G:\Local repo\org\apache\ws\xmlschema\xmlschema-core\2.1.0\xmlschema-core-2.1.0.jar;G:\Local repo\xerces\xercesImpl\2.11.0\xercesImpl-2.11.0.jar;G:\Local repo\xml-apis\xml-apis\1.4.01\xml-apis-1.4.01.jar;G:\Local repo\org\json\json\20230227\json-20230227.jar;G:\Local repo\com\github\javafaker\javafaker\1.0.2\javafaker-1.0.2.jar;G:\Local repo\org\apache\commons\commons-lang3\3.5\commons-lang3-3.5.jar;G:\Local repo\org\yaml\snakeyaml\1.23\snakeyaml-1.23-android.jar;G:\Local repo\com\github\mifmif\generex\1.0.2\generex-1.0.2.jar;G:\Local repo\dk\brics\automaton\automaton\1.11-8\automaton-1.11-8.jar;G:\Local repo\com\aventstack\extentreports\3.0.1\extentreports-3.0.1.jar;G:\Local repo\org\freemarker\freemarker\2.3.23\freemarker-2.3.23.jar;G:\Local repo\org\mongodb\mongodb-driver\3.3.0\mongodb-driver-3.3.0.jar;G:\Local repo\org\mongodb\bson\3.3.0\bson-3.3.0.jar;G:\Local repo\org\mongodb\mongodb-driver-core\3.3.0\mongodb-driver-core-3.3.0.jar;G:\Local repo\org\jsoup\jsoup\1.9.2\jsoup-1.9.2.jar;G:\Local repo\org\projectlombok\lombok\1.18.28\lombok-1.18.28.jar;G:\Local repo\org\apache\logging\log4j\log4j-api\2.20.0\log4j-api-2.20.0.jar;G:\Local repo\org\apache\logging\log4j\log4j-core\2.20.0\log4j-core-2.20.0.jar;"/>
    <property name="sun.cpu.endian" value="little"/>
    <property name="user.home" value="C:\Users\Hp"/>
    <property name="user.language" value="en"/>
    <property name="java.specification.vendor" value="Oracle Corporation"/>
    <property name="java.version.date" value="2021-03-16"/>
    <property name="java.home" value="C:\Program Files\Java\jdk-16"/>
    <property name="file.separator" value="\"/>
    <property name="basedir" value="G:\Workspace\RestAssuredAutomation"/>
    <property name="java.vm.compressedOopsMode" value="32-bit"/>
    <property name="line.separator" value="&#10;"/>
    <property name="java.vm.specification.vendor" value="Oracle Corporation"/>
    <property name="java.specification.name" value="Java Platform API Specification"/>
    <property name="surefire.real.class.path" value="C:\Users\Hp\AppData\Local\Temp\surefire9517827311207128130\surefirebooter-20230616135757716_3.jar"/>
    <property name="user.script" value=""/>
    <property name="sun.management.compiler" value="HotSpot 64-Bit Tiered Compilers"/>
    <property name="java.runtime.version" value="16+36-2231"/>
    <property name="user.name" value="Hp"/>
    <property name="path.separator" value=";"/>
    <property name="os.version" value="10.0"/>
    <property name="java.runtime.name" value="Java(TM) SE Runtime Environment"/>
    <property name="file.encoding" value="Cp1252"/>
    <property name="java.vm.name" value="Java HotSpot(TM) 64-Bit Server VM"/>
    <property name="localRepository" value="G:\Local repo"/>
    <property name="java.vendor.url.bug" value="https://bugreport.java.com/bugreport/"/>
    <property name="java.io.tmpdir" value="C:\Users\Hp\AppData\Local\Temp\"/>
    <property name="java.version" value="16"/>
    <property name="user.dir" value="G:\Workspace\RestAssuredAutomation"/>
    <property name="os.arch" value="amd64"/>
    <property name="java.vm.specification.name" value="Java Virtual Machine Specification"/>
    <property name="sun.os.patch.level" value=""/>
    <property name="java.library.path" value="C:\Program Files\Java\jdk-16\bin;C:\WINDOWS\Sun\Java\bin;C:\WINDOWS\system32;C:\WINDOWS;C:\Program Files\Common Files\Oracle\Java\javapath;C:\WINDOWS\system32;C:\WINDOWS;C:\WINDOWS\System32\Wbem;C:\WINDOWS\System32\WindowsPowerShell\v1.0\;C:\WINDOWS\System32\OpenSSH\;C:\Program Files (x86)\ATI Technologies\ATI.ACE\Core-Static;C:\Program Files\nodejs\;C:\Program Files\nodejs\node_modules\npm\bin;C:\Users\Hp\AppData\Local\Android\Sdk\tools\bin;C:\Users\Hp\AppData\Local\Android\Sdk\tools;C:\Program Files\nodejs\node_modules\npm\bin;C:\ProgramData\chocolatey\bin;C:\Program Files\TortoiseGit\bin;C:\Program Files\Git\cmd;C:\Program Files\apache-maven-3.8.1\bin;;C:\Program Files\Docker\Docker\resources\bin;C:\Users\Hp\AppData\Local\Programs\Python\Python39\Scripts\;C:\Users\Hp\AppData\Local\Programs\Python\Python39\;C:\Program Files\MySQL\MySQL Shell 8.0\bin\;C:\Users\Hp\AppData\Local\Microsoft\WindowsApps;C:\Program Files\Java\jdk-16\bin;C:\Users\Hp\AppData\Roaming\npm;C:\Program Files\apache-maven-3.8.1\bin;;."/>
    <property name="java.vm.info" value="mixed mode, sharing"/>
    <property name="java.vendor" value="Oracle Corporation"/>
    <property name="java.vm.version" value="16+36-2231"/>
    <property name="sun.io.unicode.encoding" value="UnicodeLittle"/>
    <property name="java.class.version" value="60.0"/>
  </properties>
  <testcase name="testCreateUser" classname="api.test.PetStore.UserModuleTests" time="8.356">
    <system-out><![CDATA[HTTP/1.1 200 OK
Date: Fri, 16 Jun 2023 08:28:13 GMT
Content-Type: application/json
Transfer-Encoding: chunked
Connection: keep-alive
Access-Control-Allow-Origin: *
Access-Control-Allow-Methods: GET, POST, DELETE, PUT
Access-Control-Allow-Headers: Content-Type, api_key, Authorization
Server: Jetty(9.2.9.v20150224)

{
    "code": 200,
    "type": "unknown",
    "message": "1885922916"
}
]]></system-out>
    <system-err><![CDATA[SLF4J: Failed to load class "org.slf4j.impl.StaticLoggerBinder".
SLF4J: Defaulting to no-operation (NOP) logger implementation
SLF4J: See http://www.slf4j.org/codes.html#StaticLoggerBinder for further details.
]]></system-err>
  </testcase>
  <testcase name="testGetUser" classname="api.test.PetStore.UserModuleTests" time="1.791">
    <system-out><![CDATA[HTTP/1.1 200 OK
Date: Fri, 16 Jun 2023 08:28:15 GMT
Content-Type: application/json
Transfer-Encoding: chunked
Connection: keep-alive
Access-Control-Allow-Origin: *
Access-Control-Allow-Methods: GET, POST, DELETE, PUT
Access-Control-Allow-Headers: Content-Type, api_key, Authorization
Server: Jetty(9.2.9.v20150224)

{
    "id": 1885922916,
    "username": "lonnie.bahringer",
    "firstName": "Junko",
    "lastName": "Gutkowski",
    "email": "adam.walsh@gmail.com",
    "password": "ur28kwk78esg6zb",
    "phone": "504-542-3680",
    "userStatus": 0
}
]]></system-out>
  </testcase>
  <testcase name="testUpdateUser" classname="api.test.PetStore.UserModuleTests" time="3.54">
    <system-out><![CDATA[HTTP/1.1 200 OK
Date: Fri, 16 Jun 2023 08:28:16 GMT
Content-Type: application/json
Transfer-Encoding: chunked
Connection: keep-alive
Access-Control-Allow-Origin: *
Access-Control-Allow-Methods: GET, POST, DELETE, PUT
Access-Control-Allow-Headers: Content-Type, api_key, Authorization
Server: Jetty(9.2.9.v20150224)

{
    "code": 200,
    "type": "unknown",
    "message": "1885922916"
}
HTTP/1.1 200 OK
Date: Fri, 16 Jun 2023 08:28:18 GMT
Content-Type: application/json
Transfer-Encoding: chunked
Connection: keep-alive
Access-Control-Allow-Origin: *
Access-Control-Allow-Methods: GET, POST, DELETE, PUT
Access-Control-Allow-Headers: Content-Type, api_key, Authorization
Server: Jetty(9.2.9.v20150224)

{
    "id": 1885922916,
    "username": "lonnie.bahringer",
    "firstName": "Buster",
    "lastName": "Muller",
    "email": "else.larkin@yahoo.com",
    "password": "ur28kwk78esg6zb",
    "phone": "504-542-3680",
    "userStatus": 0
}
]]></system-out>
  </testcase>
  <testcase name="testDeleteUser" classname="api.test.PetStore.UserModuleTests" time="1.792">
    <system-out><![CDATA[HTTP/1.1 200 OK
Date: Fri, 16 Jun 2023 08:28:20 GMT
Content-Type: application/json
Transfer-Encoding: chunked
Connection: keep-alive
Access-Control-Allow-Origin: *
Access-Control-Allow-Methods: GET, POST, DELETE, PUT
Access-Control-Allow-Headers: Content-Type, api_key, Authorization
Server: Jetty(9.2.9.v20150224)

{
    "code": 200,
    "type": "unknown",
    "message": "lonnie.bahringer"
}
]]></system-out>
  </testcase>
</testsuite>