<?xml version="1.0" encoding="UTF-8"?>
<!-- Generated by org.testng.reporters.JUnitReportReporter -->
<testsuite hostname="DESKTOP-QUV1ENP" failures="0" tests="4" name="api.test.PetStore.UserModuleTests" time="15.415" errors="0" timestamp="2023-06-16T13:58:20 IST" skipped="0">
  <testcase classname="api.test.PetStore.UserModuleTests" name="testCreateUser" time="8.250"/>
  <system-out/>
  <testcase classname="api.test.PetStore.UserModuleTests" name="testGetUser" time="1.784"/>
  <system-out/>
  <testcase classname="api.test.PetStore.UserModuleTests" name="testUpdateUser" time="3.546"/>
  <system-out/>
  <testcase classname="api.test.PetStore.UserModuleTests" name="testDeleteUser" time="1.835"/>
  <system-out/>
</testsuite> <!-- api.test.PetStore.UserModuleTests -->
